<?xml version="1.0" encoding="UTF-8"?>
<testsuite xmlns:xsi="http://www.w3.org/2001/XMLSchema-instance" xsi:noNamespaceSchemaLocation="https://maven.apache.org/surefire/maven-surefire-plugin/xsd/surefire-test-report.xsd" name="com.example.codepaste.SnippetRepositoryIntegrationTests" time="2.305" tests="1" errors="0" skipped="0" failures="1">
  <properties>
    <property name="java.specification.version" value="17"/>
    <property name="sun.jnu.encoding" value="UTF-8"/>
    <property name="java.class.path" value="/Users/tannerlankford/Documents/Programming Classes/CodePaste/target/test-classes:/Users/tannerlankford/Documents/Programming Classes/CodePaste/target/classes:/Users/tannerlankford/.m2/repository/org/springframework/boot/spring-boot-starter-actuator/2.7.0/spring-boot-starter-actuator-2.7.0.jar:/Users/tannerlankford/.m2/repository/org/springframework/boot/spring-boot-starter/2.7.0/spring-boot-starter-2.7.0.jar:/Users/tannerlankford/.m2/repository/org/springframework/boot/spring-boot-starter-logging/2.7.0/spring-boot-starter-logging-2.7.0.jar:/Users/tannerlankford/.m2/repository/ch/qos/logback/logback-classic/1.2.11/logback-classic-1.2.11.jar:/Users/tannerlankford/.m2/repository/ch/qos/logback/logback-core/1.2.11/logback-core-1.2.11.jar:/Users/tannerlankford/.m2/repository/org/apache/logging/log4j/log4j-to-slf4j/2.17.2/log4j-to-slf4j-2.17.2.jar:/Users/tannerlankford/.m2/repository/org/apache/logging/log4j/log4j-api/2.17.2/log4j-api-2.17.2.jar:/Users/tannerlankford/.m2/repository/org/slf4j/jul-to-slf4j/1.7.36/jul-to-slf4j-1.7.36.jar:/Users/tannerlankford/.m2/repository/jakarta/annotation/jakarta.annotation-api/1.3.5/jakarta.annotation-api-1.3.5.jar:/Users/tannerlankford/.m2/repository/org/yaml/snakeyaml/1.30/snakeyaml-1.30.jar:/Users/tannerlankford/.m2/repository/org/springframework/boot/spring-boot-actuator-autoconfigure/2.7.0/spring-boot-actuator-autoconfigure-2.7.0.jar:/Users/tannerlankford/.m2/repository/org/springframework/boot/spring-boot-actuator/2.7.0/spring-boot-actuator-2.7.0.jar:/Users/tannerlankford/.m2/repository/com/fasterxml/jackson/core/jackson-databind/2.13.3/jackson-databind-2.13.3.jar:/Users/tannerlankford/.m2/repository/com/fasterxml/jackson/core/jackson-core/2.13.3/jackson-core-2.13.3.jar:/Users/tannerlankford/.m2/repository/com/fasterxml/jackson/datatype/jackson-datatype-jsr310/2.13.3/jackson-datatype-jsr310-2.13.3.jar:/Users/tannerlankford/.m2/repository/io/micrometer/micrometer-core/1.9.0/micrometer-core-1.9.0.jar:/Users/tannerlankford/.m2/repository/org/hdrhistogram/HdrHistogram/2.1.12/HdrHistogram-2.1.12.jar:/Users/tannerlankford/.m2/repository/org/latencyutils/LatencyUtils/2.0.3/LatencyUtils-2.0.3.jar:/Users/tannerlankford/.m2/repository/org/springframework/boot/spring-boot-starter-data-jpa/2.7.0/spring-boot-starter-data-jpa-2.7.0.jar:/Users/tannerlankford/.m2/repository/org/springframework/boot/spring-boot-starter-aop/2.7.0/spring-boot-starter-aop-2.7.0.jar:/Users/tannerlankford/.m2/repository/org/springframework/spring-aop/5.3.20/spring-aop-5.3.20.jar:/Users/tannerlankford/.m2/repository/org/aspectj/aspectjweaver/1.9.7/aspectjweaver-1.9.7.jar:/Users/tannerlankford/.m2/repository/org/springframework/boot/spring-boot-starter-jdbc/2.7.0/spring-boot-starter-jdbc-2.7.0.jar:/Users/tannerlankford/.m2/repository/com/zaxxer/HikariCP/4.0.3/HikariCP-4.0.3.jar:/Users/tannerlankford/.m2/repository/org/springframework/spring-jdbc/5.3.20/spring-jdbc-5.3.20.jar:/Users/tannerlankford/.m2/repository/jakarta/transaction/jakarta.transaction-api/1.3.3/jakarta.transaction-api-1.3.3.jar:/Users/tannerlankford/.m2/repository/jakarta/persistence/jakarta.persistence-api/2.2.3/jakarta.persistence-api-2.2.3.jar:/Users/tannerlankford/.m2/repository/org/hibernate/hibernate-core/5.6.9.Final/hibernate-core-5.6.9.Final.jar:/Users/tannerlankford/.m2/repository/org/jboss/logging/jboss-logging/3.4.3.Final/jboss-logging-3.4.3.Final.jar:/Users/tannerlankford/.m2/repository/net/bytebuddy/byte-buddy/1.12.10/byte-buddy-1.12.10.jar:/Users/tannerlankford/.m2/repository/antlr/antlr/2.7.7/antlr-2.7.7.jar:/Users/tannerlankford/.m2/repository/org/jboss/jandex/2.4.2.Final/jandex-2.4.2.Final.jar:/Users/tannerlankford/.m2/repository/com/fasterxml/classmate/1.5.1/classmate-1.5.1.jar:/Users/tannerlankford/.m2/repository/org/hibernate/common/hibernate-commons-annotations/5.1.2.Final/hibernate-commons-annotations-5.1.2.Final.jar:/Users/tannerlankford/.m2/repository/org/glassfish/jaxb/jaxb-runtime/2.3.6/jaxb-runtime-2.3.6.jar:/Users/tannerlankford/.m2/repository/org/glassfish/jaxb/txw2/2.3.6/txw2-2.3.6.jar:/Users/tannerlankford/.m2/repository/com/sun/istack/istack-commons-runtime/3.0.12/istack-commons-runtime-3.0.12.jar:/Users/tannerlankford/.m2/repository/com/sun/activation/jakarta.activation/1.2.2/jakarta.activation-1.2.2.jar:/Users/tannerlankford/.m2/repository/org/springframework/data/spring-data-jpa/2.7.0/spring-data-jpa-2.7.0.jar:/Users/tannerlankford/.m2/repository/org/springframework/data/spring-data-commons/2.7.0/spring-data-commons-2.7.0.jar:/Users/tannerlankford/.m2/repository/org/springframework/spring-orm/5.3.20/spring-orm-5.3.20.jar:/Users/tannerlankford/.m2/repository/org/springframework/spring-context/5.3.20/spring-context-5.3.20.jar:/Users/tannerlankford/.m2/repository/org/springframework/spring-tx/5.3.20/spring-tx-5.3.20.jar:/Users/tannerlankford/.m2/repository/org/springframework/spring-beans/5.3.20/spring-beans-5.3.20.jar:/Users/tannerlankford/.m2/repository/org/springframework/spring-aspects/5.3.20/spring-aspects-5.3.20.jar:/Users/tannerlankford/.m2/repository/org/springframework/boot/spring-boot-starter-freemarker/2.7.0/spring-boot-starter-freemarker-2.7.0.jar:/Users/tannerlankford/.m2/repository/org/freemarker/freemarker/2.3.31/freemarker-2.3.31.jar:/Users/tannerlankford/.m2/repository/org/springframework/spring-context-support/5.3.20/spring-context-support-5.3.20.jar:/Users/tannerlankford/.m2/repository/org/springframework/boot/spring-boot-starter-web/2.7.0/spring-boot-starter-web-2.7.0.jar:/Users/tannerlankford/.m2/repository/org/springframework/boot/spring-boot-starter-json/2.7.0/spring-boot-starter-json-2.7.0.jar:/Users/tannerlankford/.m2/repository/com/fasterxml/jackson/datatype/jackson-datatype-jdk8/2.13.3/jackson-datatype-jdk8-2.13.3.jar:/Users/tannerlankford/.m2/repository/com/fasterxml/jackson/module/jackson-module-parameter-names/2.13.3/jackson-module-parameter-names-2.13.3.jar:/Users/tannerlankford/.m2/repository/org/springframework/boot/spring-boot-starter-tomcat/2.7.0/spring-boot-starter-tomcat-2.7.0.jar:/Users/tannerlankford/.m2/repository/org/apache/tomcat/embed/tomcat-embed-core/9.0.63/tomcat-embed-core-9.0.63.jar:/Users/tannerlankford/.m2/repository/org/apache/tomcat/embed/tomcat-embed-el/9.0.63/tomcat-embed-el-9.0.63.jar:/Users/tannerlankford/.m2/repository/org/apache/tomcat/embed/tomcat-embed-websocket/9.0.63/tomcat-embed-websocket-9.0.63.jar:/Users/tannerlankford/.m2/repository/org/springframework/spring-web/5.3.20/spring-web-5.3.20.jar:/Users/tannerlankford/.m2/repository/org/springframework/spring-webmvc/5.3.20/spring-webmvc-5.3.20.jar:/Users/tannerlankford/.m2/repository/org/springframework/spring-expression/5.3.20/spring-expression-5.3.20.jar:/Users/tannerlankford/.m2/repository/org/springframework/boot/spring-boot-devtools/2.7.0/spring-boot-devtools-2.7.0.jar:/Users/tannerlankford/.m2/repository/org/springframework/boot/spring-boot/2.7.0/spring-boot-2.7.0.jar:/Users/tannerlankford/.m2/repository/org/springframework/boot/spring-boot-autoconfigure/2.7.0/spring-boot-autoconfigure-2.7.0.jar:/Users/tannerlankford/.m2/repository/org/postgresql/postgresql/42.3.5/postgresql-42.3.5.jar:/Users/tannerlankford/.m2/repository/org/checkerframework/checker-qual/3.5.0/checker-qual-3.5.0.jar:/Users/tannerlankford/.m2/repository/org/springframework/boot/spring-boot-starter-test/2.7.0/spring-boot-starter-test-2.7.0.jar:/Users/tannerlankford/.m2/repository/org/springframework/boot/spring-boot-test/2.7.0/spring-boot-test-2.7.0.jar:/Users/tannerlankford/.m2/repository/org/springframework/boot/spring-boot-test-autoconfigure/2.7.0/spring-boot-test-autoconfigure-2.7.0.jar:/Users/tannerlankford/.m2/repository/com/jayway/jsonpath/json-path/2.7.0/json-path-2.7.0.jar:/Users/tannerlankford/.m2/repository/net/minidev/json-smart/2.4.8/json-smart-2.4.8.jar:/Users/tannerlankford/.m2/repository/net/minidev/accessors-smart/2.4.8/accessors-smart-2.4.8.jar:/Users/tannerlankford/.m2/repository/org/ow2/asm/asm/9.1/asm-9.1.jar:/Users/tannerlankford/.m2/repository/jakarta/xml/bind/jakarta.xml.bind-api/2.3.3/jakarta.xml.bind-api-2.3.3.jar:/Users/tannerlankford/.m2/repository/jakarta/activation/jakarta.activation-api/1.2.2/jakarta.activation-api-1.2.2.jar:/Users/tannerlankford/.m2/repository/org/assertj/assertj-core/3.22.0/assertj-core-3.22.0.jar:/Users/tannerlankford/.m2/repository/org/hamcrest/hamcrest/2.2/hamcrest-2.2.jar:/Users/tannerlankford/.m2/repository/org/junit/jupiter/junit-jupiter/5.8.2/junit-jupiter-5.8.2.jar:/Users/tannerlankford/.m2/repository/org/junit/jupiter/junit-jupiter-params/5.8.2/junit-jupiter-params-5.8.2.jar:/Users/tannerlankford/.m2/repository/org/junit/jupiter/junit-jupiter-engine/5.8.2/junit-jupiter-engine-5.8.2.jar:/Users/tannerlankford/.m2/repository/org/junit/platform/junit-platform-engine/1.8.2/junit-platform-engine-1.8.2.jar:/Users/tannerlankford/.m2/repository/org/mockito/mockito-core/4.5.1/mockito-core-4.5.1.jar:/Users/tannerlankford/.m2/repository/net/bytebuddy/byte-buddy-agent/1.12.10/byte-buddy-agent-1.12.10.jar:/Users/tannerlankford/.m2/repository/org/objenesis/objenesis/3.2/objenesis-3.2.jar:/Users/tannerlankford/.m2/repository/org/mockito/mockito-junit-jupiter/4.5.1/mockito-junit-jupiter-4.5.1.jar:/Users/tannerlankford/.m2/repository/org/skyscreamer/jsonassert/1.5.0/jsonassert-1.5.0.jar:/Users/tannerlankford/.m2/repository/com/vaadin/external/google/android-json/0.0.20131108.vaadin1/android-json-0.0.20131108.vaadin1.jar:/Users/tannerlankford/.m2/repository/org/springframework/spring-core/5.3.20/spring-core-5.3.20.jar:/Users/tannerlankford/.m2/repository/org/springframework/spring-jcl/5.3.20/spring-jcl-5.3.20.jar:/Users/tannerlankford/.m2/repository/org/springframework/spring-test/5.3.20/spring-test-5.3.20.jar:/Users/tannerlankford/.m2/repository/org/xmlunit/xmlunit-core/2.9.0/xmlunit-core-2.9.0.jar:/Users/tannerlankford/.m2/repository/org/springframework/restdocs/spring-restdocs-mockmvc/2.0.6.RELEASE/spring-restdocs-mockmvc-2.0.6.RELEASE.jar:/Users/tannerlankford/.m2/repository/org/springframework/restdocs/spring-restdocs-core/2.0.6.RELEASE/spring-restdocs-core-2.0.6.RELEASE.jar:/Users/tannerlankford/.m2/repository/javax/servlet/javax.servlet-api/4.0.1/javax.servlet-api-4.0.1.jar:/Users/tannerlankford/.m2/repository/org/testcontainers/junit-jupiter/1.17.2/junit-jupiter-1.17.2.jar:/Users/tannerlankford/.m2/repository/org/junit/jupiter/junit-jupiter-api/5.8.2/junit-jupiter-api-5.8.2.jar:/Users/tannerlankford/.m2/repository/org/opentest4j/opentest4j/1.2.0/opentest4j-1.2.0.jar:/Users/tannerlankford/.m2/repository/org/junit/platform/junit-platform-commons/1.8.2/junit-platform-commons-1.8.2.jar:/Users/tannerlankford/.m2/repository/org/apiguardian/apiguardian-api/1.1.2/apiguardian-api-1.1.2.jar:/Users/tannerlankford/.m2/repository/org/testcontainers/postgresql/1.17.2/postgresql-1.17.2.jar:/Users/tannerlankford/.m2/repository/org/testcontainers/jdbc/1.17.2/jdbc-1.17.2.jar:/Users/tannerlankford/.m2/repository/org/testcontainers/database-commons/1.17.2/database-commons-1.17.2.jar:/Users/tannerlankford/.m2/repository/org/testcontainers/testcontainers/1.17.2/testcontainers-1.17.2.jar:/Users/tannerlankford/.m2/repository/junit/junit/4.13.2/junit-4.13.2.jar:/Users/tannerlankford/.m2/repository/org/hamcrest/hamcrest-core/2.2/hamcrest-core-2.2.jar:/Users/tannerlankford/.m2/repository/org/slf4j/slf4j-api/1.7.36/slf4j-api-1.7.36.jar:/Users/tannerlankford/.m2/repository/org/apache/commons/commons-compress/1.21/commons-compress-1.21.jar:/Users/tannerlankford/.m2/repository/org/rnorth/duct-tape/duct-tape/1.0.8/duct-tape-1.0.8.jar:/Users/tannerlankford/.m2/repository/org/jetbrains/annotations/17.0.0/annotations-17.0.0.jar:/Users/tannerlankford/.m2/repository/com/github/docker-java/docker-java-api/3.2.13/docker-java-api-3.2.13.jar:/Users/tannerlankford/.m2/repository/com/fasterxml/jackson/core/jackson-annotations/2.13.3/jackson-annotations-2.13.3.jar:/Users/tannerlankford/.m2/repository/com/github/docker-java/docker-java-transport-zerodep/3.2.13/docker-java-transport-zerodep-3.2.13.jar:/Users/tannerlankford/.m2/repository/com/github/docker-java/docker-java-transport/3.2.13/docker-java-transport-3.2.13.jar:/Users/tannerlankford/.m2/repository/net/java/dev/jna/jna/5.8.0/jna-5.8.0.jar:"/>
    <property name="java.vm.vendor" value="Amazon.com Inc."/>
    <property name="sun.arch.data.model" value="64"/>
    <property name="java.vendor.url" value="https://aws.amazon.com/corretto/"/>
    <property name="os.name" value="Mac OS X"/>
    <property name="java.vm.specification.version" value="17"/>
    <property name="sun.java.launcher" value="SUN_STANDARD"/>
    <property name="user.country" value="US"/>
    <property name="sun.boot.library.path" value="/Library/Java/JavaVirtualMachines/amazon-corretto-17.jdk/Contents/Home/lib"/>
    <property name="sun.java.command" value="/Users/tannerlankford/Documents/Programming Classes/CodePaste/target/surefire/surefirebooter5118650291947336913.jar /Users/tannerlankford/Documents/Programming Classes/CodePaste/target/surefire 2022-06-12T03-32-50_519-jvmRun1 surefire15311051584020817472tmp surefire_08871115333091393533tmp"/>
    <property name="http.nonProxyHosts" value="local|*.local|169.254/16|*.169.254/16"/>
    <property name="jdk.debug" value="release"/>
    <property name="surefire.test.class.path" value="/Users/tannerlankford/Documents/Programming Classes/CodePaste/target/test-classes:/Users/tannerlankford/Documents/Programming Classes/CodePaste/target/classes:/Users/tannerlankford/.m2/repository/org/springframework/boot/spring-boot-starter-actuator/2.7.0/spring-boot-starter-actuator-2.7.0.jar:/Users/tannerlankford/.m2/repository/org/springframework/boot/spring-boot-starter/2.7.0/spring-boot-starter-2.7.0.jar:/Users/tannerlankford/.m2/repository/org/springframework/boot/spring-boot-starter-logging/2.7.0/spring-boot-starter-logging-2.7.0.jar:/Users/tannerlankford/.m2/repository/ch/qos/logback/logback-classic/1.2.11/logback-classic-1.2.11.jar:/Users/tannerlankford/.m2/repository/ch/qos/logback/logback-core/1.2.11/logback-core-1.2.11.jar:/Users/tannerlankford/.m2/repository/org/apache/logging/log4j/log4j-to-slf4j/2.17.2/log4j-to-slf4j-2.17.2.jar:/Users/tannerlankford/.m2/repository/org/apache/logging/log4j/log4j-api/2.17.2/log4j-api-2.17.2.jar:/Users/tannerlankford/.m2/repository/org/slf4j/jul-to-slf4j/1.7.36/jul-to-slf4j-1.7.36.jar:/Users/tannerlankford/.m2/repository/jakarta/annotation/jakarta.annotation-api/1.3.5/jakarta.annotation-api-1.3.5.jar:/Users/tannerlankford/.m2/repository/org/yaml/snakeyaml/1.30/snakeyaml-1.30.jar:/Users/tannerlankford/.m2/repository/org/springframework/boot/spring-boot-actuator-autoconfigure/2.7.0/spring-boot-actuator-autoconfigure-2.7.0.jar:/Users/tannerlankford/.m2/repository/org/springframework/boot/spring-boot-actuator/2.7.0/spring-boot-actuator-2.7.0.jar:/Users/tannerlankford/.m2/repository/com/fasterxml/jackson/core/jackson-databind/2.13.3/jackson-databind-2.13.3.jar:/Users/tannerlankford/.m2/repository/com/fasterxml/jackson/core/jackson-core/2.13.3/jackson-core-2.13.3.jar:/Users/tannerlankford/.m2/repository/com/fasterxml/jackson/datatype/jackson-datatype-jsr310/2.13.3/jackson-datatype-jsr310-2.13.3.jar:/Users/tannerlankford/.m2/repository/io/micrometer/micrometer-core/1.9.0/micrometer-core-1.9.0.jar:/Users/tannerlankford/.m2/repository/org/hdrhistogram/HdrHistogram/2.1.12/HdrHistogram-2.1.12.jar:/Users/tannerlankford/.m2/repository/org/latencyutils/LatencyUtils/2.0.3/LatencyUtils-2.0.3.jar:/Users/tannerlankford/.m2/repository/org/springframework/boot/spring-boot-starter-data-jpa/2.7.0/spring-boot-starter-data-jpa-2.7.0.jar:/Users/tannerlankford/.m2/repository/org/springframework/boot/spring-boot-starter-aop/2.7.0/spring-boot-starter-aop-2.7.0.jar:/Users/tannerlankford/.m2/repository/org/springframework/spring-aop/5.3.20/spring-aop-5.3.20.jar:/Users/tannerlankford/.m2/repository/org/aspectj/aspectjweaver/1.9.7/aspectjweaver-1.9.7.jar:/Users/tannerlankford/.m2/repository/org/springframework/boot/spring-boot-starter-jdbc/2.7.0/spring-boot-starter-jdbc-2.7.0.jar:/Users/tannerlankford/.m2/repository/com/zaxxer/HikariCP/4.0.3/HikariCP-4.0.3.jar:/Users/tannerlankford/.m2/repository/org/springframework/spring-jdbc/5.3.20/spring-jdbc-5.3.20.jar:/Users/tannerlankford/.m2/repository/jakarta/transaction/jakarta.transaction-api/1.3.3/jakarta.transaction-api-1.3.3.jar:/Users/tannerlankford/.m2/repository/jakarta/persistence/jakarta.persistence-api/2.2.3/jakarta.persistence-api-2.2.3.jar:/Users/tannerlankford/.m2/repository/org/hibernate/hibernate-core/5.6.9.Final/hibernate-core-5.6.9.Final.jar:/Users/tannerlankford/.m2/repository/org/jboss/logging/jboss-logging/3.4.3.Final/jboss-logging-3.4.3.Final.jar:/Users/tannerlankford/.m2/repository/net/bytebuddy/byte-buddy/1.12.10/byte-buddy-1.12.10.jar:/Users/tannerlankford/.m2/repository/antlr/antlr/2.7.7/antlr-2.7.7.jar:/Users/tannerlankford/.m2/repository/org/jboss/jandex/2.4.2.Final/jandex-2.4.2.Final.jar:/Users/tannerlankford/.m2/repository/com/fasterxml/classmate/1.5.1/classmate-1.5.1.jar:/Users/tannerlankford/.m2/repository/org/hibernate/common/hibernate-commons-annotations/5.1.2.Final/hibernate-commons-annotations-5.1.2.Final.jar:/Users/tannerlankford/.m2/repository/org/glassfish/jaxb/jaxb-runtime/2.3.6/jaxb-runtime-2.3.6.jar:/Users/tannerlankford/.m2/repository/org/glassfish/jaxb/txw2/2.3.6/txw2-2.3.6.jar:/Users/tannerlankford/.m2/repository/com/sun/istack/istack-commons-runtime/3.0.12/istack-commons-runtime-3.0.12.jar:/Users/tannerlankford/.m2/repository/com/sun/activation/jakarta.activation/1.2.2/jakarta.activation-1.2.2.jar:/Users/tannerlankford/.m2/repository/org/springframework/data/spring-data-jpa/2.7.0/spring-data-jpa-2.7.0.jar:/Users/tannerlankford/.m2/repository/org/springframework/data/spring-data-commons/2.7.0/spring-data-commons-2.7.0.jar:/Users/tannerlankford/.m2/repository/org/springframework/spring-orm/5.3.20/spring-orm-5.3.20.jar:/Users/tannerlankford/.m2/repository/org/springframework/spring-context/5.3.20/spring-context-5.3.20.jar:/Users/tannerlankford/.m2/repository/org/springframework/spring-tx/5.3.20/spring-tx-5.3.20.jar:/Users/tannerlankford/.m2/repository/org/springframework/spring-beans/5.3.20/spring-beans-5.3.20.jar:/Users/tannerlankford/.m2/repository/org/springframework/spring-aspects/5.3.20/spring-aspects-5.3.20.jar:/Users/tannerlankford/.m2/repository/org/springframework/boot/spring-boot-starter-freemarker/2.7.0/spring-boot-starter-freemarker-2.7.0.jar:/Users/tannerlankford/.m2/repository/org/freemarker/freemarker/2.3.31/freemarker-2.3.31.jar:/Users/tannerlankford/.m2/repository/org/springframework/spring-context-support/5.3.20/spring-context-support-5.3.20.jar:/Users/tannerlankford/.m2/repository/org/springframework/boot/spring-boot-starter-web/2.7.0/spring-boot-starter-web-2.7.0.jar:/Users/tannerlankford/.m2/repository/org/springframework/boot/spring-boot-starter-json/2.7.0/spring-boot-starter-json-2.7.0.jar:/Users/tannerlankford/.m2/repository/com/fasterxml/jackson/datatype/jackson-datatype-jdk8/2.13.3/jackson-datatype-jdk8-2.13.3.jar:/Users/tannerlankford/.m2/repository/com/fasterxml/jackson/module/jackson-module-parameter-names/2.13.3/jackson-module-parameter-names-2.13.3.jar:/Users/tannerlankford/.m2/repository/org/springframework/boot/spring-boot-starter-tomcat/2.7.0/spring-boot-starter-tomcat-2.7.0.jar:/Users/tannerlankford/.m2/repository/org/apache/tomcat/embed/tomcat-embed-core/9.0.63/tomcat-embed-core-9.0.63.jar:/Users/tannerlankford/.m2/repository/org/apache/tomcat/embed/tomcat-embed-el/9.0.63/tomcat-embed-el-9.0.63.jar:/Users/tannerlankford/.m2/repository/org/apache/tomcat/embed/tomcat-embed-websocket/9.0.63/tomcat-embed-websocket-9.0.63.jar:/Users/tannerlankford/.m2/repository/org/springframework/spring-web/5.3.20/spring-web-5.3.20.jar:/Users/tannerlankford/.m2/repository/org/springframework/spring-webmvc/5.3.20/spring-webmvc-5.3.20.jar:/Users/tannerlankford/.m2/repository/org/springframework/spring-expression/5.3.20/spring-expression-5.3.20.jar:/Users/tannerlankford/.m2/repository/org/springframework/boot/spring-boot-devtools/2.7.0/spring-boot-devtools-2.7.0.jar:/Users/tannerlankford/.m2/repository/org/springframework/boot/spring-boot/2.7.0/spring-boot-2.7.0.jar:/Users/tannerlankford/.m2/repository/org/springframework/boot/spring-boot-autoconfigure/2.7.0/spring-boot-autoconfigure-2.7.0.jar:/Users/tannerlankford/.m2/repository/org/postgresql/postgresql/42.3.5/postgresql-42.3.5.jar:/Users/tannerlankford/.m2/repository/org/checkerframework/checker-qual/3.5.0/checker-qual-3.5.0.jar:/Users/tannerlankford/.m2/repository/org/springframework/boot/spring-boot-starter-test/2.7.0/spring-boot-starter-test-2.7.0.jar:/Users/tannerlankford/.m2/repository/org/springframework/boot/spring-boot-test/2.7.0/spring-boot-test-2.7.0.jar:/Users/tannerlankford/.m2/repository/org/springframework/boot/spring-boot-test-autoconfigure/2.7.0/spring-boot-test-autoconfigure-2.7.0.jar:/Users/tannerlankford/.m2/repository/com/jayway/jsonpath/json-path/2.7.0/json-path-2.7.0.jar:/Users/tannerlankford/.m2/repository/net/minidev/json-smart/2.4.8/json-smart-2.4.8.jar:/Users/tannerlankford/.m2/repository/net/minidev/accessors-smart/2.4.8/accessors-smart-2.4.8.jar:/Users/tannerlankford/.m2/repository/org/ow2/asm/asm/9.1/asm-9.1.jar:/Users/tannerlankford/.m2/repository/jakarta/xml/bind/jakarta.xml.bind-api/2.3.3/jakarta.xml.bind-api-2.3.3.jar:/Users/tannerlankford/.m2/repository/jakarta/activation/jakarta.activation-api/1.2.2/jakarta.activation-api-1.2.2.jar:/Users/tannerlankford/.m2/repository/org/assertj/assertj-core/3.22.0/assertj-core-3.22.0.jar:/Users/tannerlankford/.m2/repository/org/hamcrest/hamcrest/2.2/hamcrest-2.2.jar:/Users/tannerlankford/.m2/repository/org/junit/jupiter/junit-jupiter/5.8.2/junit-jupiter-5.8.2.jar:/Users/tannerlankford/.m2/repository/org/junit/jupiter/junit-jupiter-params/5.8.2/junit-jupiter-params-5.8.2.jar:/Users/tannerlankford/.m2/repository/org/junit/jupiter/junit-jupiter-engine/5.8.2/junit-jupiter-engine-5.8.2.jar:/Users/tannerlankford/.m2/repository/org/junit/platform/junit-platform-engine/1.8.2/junit-platform-engine-1.8.2.jar:/Users/tannerlankford/.m2/repository/org/mockito/mockito-core/4.5.1/mockito-core-4.5.1.jar:/Users/tannerlankford/.m2/repository/net/bytebuddy/byte-buddy-agent/1.12.10/byte-buddy-agent-1.12.10.jar:/Users/tannerlankford/.m2/repository/org/objenesis/objenesis/3.2/objenesis-3.2.jar:/Users/tannerlankford/.m2/repository/org/mockito/mockito-junit-jupiter/4.5.1/mockito-junit-jupiter-4.5.1.jar:/Users/tannerlankford/.m2/repository/org/skyscreamer/jsonassert/1.5.0/jsonassert-1.5.0.jar:/Users/tannerlankford/.m2/repository/com/vaadin/external/google/android-json/0.0.20131108.vaadin1/android-json-0.0.20131108.vaadin1.jar:/Users/tannerlankford/.m2/repository/org/springframework/spring-core/5.3.20/spring-core-5.3.20.jar:/Users/tannerlankford/.m2/repository/org/springframework/spring-jcl/5.3.20/spring-jcl-5.3.20.jar:/Users/tannerlankford/.m2/repository/org/springframework/spring-test/5.3.20/spring-test-5.3.20.jar:/Users/tannerlankford/.m2/repository/org/xmlunit/xmlunit-core/2.9.0/xmlunit-core-2.9.0.jar:/Users/tannerlankford/.m2/repository/org/springframework/restdocs/spring-restdocs-mockmvc/2.0.6.RELEASE/spring-restdocs-mockmvc-2.0.6.RELEASE.jar:/Users/tannerlankford/.m2/repository/org/springframework/restdocs/spring-restdocs-core/2.0.6.RELEASE/spring-restdocs-core-2.0.6.RELEASE.jar:/Users/tannerlankford/.m2/repository/javax/servlet/javax.servlet-api/4.0.1/javax.servlet-api-4.0.1.jar:/Users/tannerlankford/.m2/repository/org/testcontainers/junit-jupiter/1.17.2/junit-jupiter-1.17.2.jar:/Users/tannerlankford/.m2/repository/org/junit/jupiter/junit-jupiter-api/5.8.2/junit-jupiter-api-5.8.2.jar:/Users/tannerlankford/.m2/repository/org/opentest4j/opentest4j/1.2.0/opentest4j-1.2.0.jar:/Users/tannerlankford/.m2/repository/org/junit/platform/junit-platform-commons/1.8.2/junit-platform-commons-1.8.2.jar:/Users/tannerlankford/.m2/repository/org/apiguardian/apiguardian-api/1.1.2/apiguardian-api-1.1.2.jar:/Users/tannerlankford/.m2/repository/org/testcontainers/postgresql/1.17.2/postgresql-1.17.2.jar:/Users/tannerlankford/.m2/repository/org/testcontainers/jdbc/1.17.2/jdbc-1.17.2.jar:/Users/tannerlankford/.m2/repository/org/testcontainers/database-commons/1.17.2/database-commons-1.17.2.jar:/Users/tannerlankford/.m2/repository/org/testcontainers/testcontainers/1.17.2/testcontainers-1.17.2.jar:/Users/tannerlankford/.m2/repository/junit/junit/4.13.2/junit-4.13.2.jar:/Users/tannerlankford/.m2/repository/org/hamcrest/hamcrest-core/2.2/hamcrest-core-2.2.jar:/Users/tannerlankford/.m2/repository/org/slf4j/slf4j-api/1.7.36/slf4j-api-1.7.36.jar:/Users/tannerlankford/.m2/repository/org/apache/commons/commons-compress/1.21/commons-compress-1.21.jar:/Users/tannerlankford/.m2/repository/org/rnorth/duct-tape/duct-tape/1.0.8/duct-tape-1.0.8.jar:/Users/tannerlankford/.m2/repository/org/jetbrains/annotations/17.0.0/annotations-17.0.0.jar:/Users/tannerlankford/.m2/repository/com/github/docker-java/docker-java-api/3.2.13/docker-java-api-3.2.13.jar:/Users/tannerlankford/.m2/repository/com/fasterxml/jackson/core/jackson-annotations/2.13.3/jackson-annotations-2.13.3.jar:/Users/tannerlankford/.m2/repository/com/github/docker-java/docker-java-transport-zerodep/3.2.13/docker-java-transport-zerodep-3.2.13.jar:/Users/tannerlankford/.m2/repository/com/github/docker-java/docker-java-transport/3.2.13/docker-java-transport-3.2.13.jar:/Users/tannerlankford/.m2/repository/net/java/dev/jna/jna/5.8.0/jna-5.8.0.jar:"/>
    <property name="sun.cpu.endian" value="little"/>
    <property name="user.home" value="/Users/tannerlankford"/>
    <property name="user.language" value="en"/>
    <property name="java.specification.vendor" value="Oracle Corporation"/>
    <property name="java.version.date" value="2021-10-19"/>
    <property name="java.home" value="/Library/Java/JavaVirtualMachines/amazon-corretto-17.jdk/Contents/Home"/>
    <property name="file.separator" value="/"/>
    <property name="basedir" value="/Users/tannerlankford/Documents/Programming Classes/CodePaste"/>
    <property name="java.vm.compressedOopsMode" value="Zero based"/>
    <property name="line.separator" value="&#10;"/>
    <property name="java.vm.specification.vendor" value="Oracle Corporation"/>
    <property name="java.specification.name" value="Java Platform API Specification"/>
    <property name="surefire.real.class.path" value="/Users/tannerlankford/Documents/Programming Classes/CodePaste/target/surefire/surefirebooter5118650291947336913.jar"/>
    <property name="sun.management.compiler" value="HotSpot 64-Bit Tiered Compilers"/>
    <property name="ftp.nonProxyHosts" value="local|*.local|169.254/16|*.169.254/16"/>
    <property name="java.runtime.version" value="17.0.1+12-LTS"/>
    <property name="user.name" value="tannerlankford"/>
    <property name="path.separator" value=":"/>
    <property name="os.version" value="12.3.1"/>
    <property name="java.runtime.name" value="OpenJDK Runtime Environment"/>
    <property name="file.encoding" value="UTF-8"/>
    <property name="java.vm.name" value="OpenJDK 64-Bit Server VM"/>
    <property name="java.vendor.version" value="Corretto-17.0.1.12.1"/>
    <property name="localRepository" value="/Users/tannerlankford/.m2/repository"/>
    <property name="java.vendor.url.bug" value="https://github.com/corretto/corretto-17/issues/"/>
    <property name="java.io.tmpdir" value="/var/folders/xq/zv8m9x99733fz4z5cc0zcq4h0000gn/T/"/>
    <property name="idea.version" value="2022.1.1"/>
    <property name="java.version" value="17.0.1"/>
    <property name="user.dir" value="/Users/tannerlankford/Documents/Programming Classes/CodePaste"/>
    <property name="os.arch" value="x86_64"/>
    <property name="java.vm.specification.name" value="Java Virtual Machine Specification"/>
    <property name="native.encoding" value="UTF-8"/>
    <property name="java.library.path" value="/Users/tannerlankford/Library/Java/Extensions:/Library/Java/Extensions:/Network/Library/Java/Extensions:/System/Library/Java/Extensions:/usr/lib/java:."/>
    <property name="java.vm.info" value="mixed mode, sharing"/>
    <property name="java.vendor" value="Amazon.com Inc."/>
    <property name="java.vm.version" value="17.0.1+12-LTS"/>
    <property name="sun.io.unicode.encoding" value="UnicodeBig"/>
    <property name="socksNonProxyHosts" value="local|*.local|169.254/16|*.169.254/16"/>
    <property name="java.class.version" value="61.0"/>
  </properties>
  <testcase name="findAllByOrderByDateDesc" classname="com.example.codepaste.SnippetRepositoryIntegrationTests" time="0.035">
    <failure message="&#10;expected: 3&#10; but was: 10" type="org.opentest4j.AssertionFailedError">org.opentest4j.AssertionFailedError: 

expected: 3
 but was: 10
	at com.example.codepaste.SnippetRepositoryIntegrationTests.findAllByOrderByDateDesc(SnippetRepositoryIntegrationTests.java:36)
</failure>
    <system-out><![CDATA[2022-06-12 03:32:59.420  INFO 78926 --- [           main] b.t.a.o.j.DataJpaTestContextBootstrapper : Neither @ContextConfiguration nor @ContextHierarchy found for test class [com.example.codepaste.SnippetRepositoryIntegrationTests], using SpringBootContextLoader
2022-06-12 03:32:59.421  INFO 78926 --- [           main] o.s.t.c.support.AbstractContextLoader    : Could not detect default resource locations for test class [com.example.codepaste.SnippetRepositoryIntegrationTests]: no resource found for suffixes {-context.xml, Context.groovy}.
2022-06-12 03:32:59.421  INFO 78926 --- [           main] t.c.s.AnnotationConfigContextLoaderUtils : Could not detect default configuration classes for test class [com.example.codepaste.SnippetRepositoryIntegrationTests]: SnippetRepositoryIntegrationTests does not declare any static, non-private, non-final, nested classes annotated with @Configuration.
2022-06-12 03:32:59.429  INFO 78926 --- [           main] .b.t.c.SpringBootTestContextBootstrapper : Found @SpringBootConfiguration com.example.codepaste.CodepasteApplication for test class com.example.codepaste.SnippetRepositoryIntegrationTests
2022-06-12 03:32:59.430  INFO 78926 --- [           main] b.t.a.o.j.DataJpaTestContextBootstrapper : Loaded default TestExecutionListener class names from location [META-INF/spring.factories]: [org.springframework.boot.test.mock.mockito.MockitoTestExecutionListener, org.springframework.boot.test.mock.mockito.ResetMocksTestExecutionListener, org.springframework.boot.test.autoconfigure.restdocs.RestDocsTestExecutionListener, org.springframework.boot.test.autoconfigure.web.client.MockRestServiceServerResetTestExecutionListener, org.springframework.boot.test.autoconfigure.web.servlet.MockMvcPrintOnlyOnFailureTestExecutionListener, org.springframework.boot.test.autoconfigure.web.servlet.WebDriverTestExecutionListener, org.springframework.boot.test.autoconfigure.webservices.client.MockWebServiceServerTestExecutionListener, org.springframework.test.context.web.ServletTestExecutionListener, org.springframework.test.context.support.DirtiesContextBeforeModesTestExecutionListener, org.springframework.test.context.event.ApplicationEventsTestExecutionListener, org.springframework.test.context.support.DependencyInjectionTestExecutionListener, org.springframework.test.context.support.DirtiesContextTestExecutionListener, org.springframework.test.context.transaction.TransactionalTestExecutionListener, org.springframework.test.context.jdbc.SqlScriptsTestExecutionListener, org.springframework.test.context.event.EventPublishingTestExecutionListener]
2022-06-12 03:32:59.430  INFO 78926 --- [           main] b.t.a.o.j.DataJpaTestContextBootstrapper : Using TestExecutionListeners: [org.springframework.test.context.web.ServletTestExecutionListener@3c28cd9a, org.springframework.test.context.support.DirtiesContextBeforeModesTestExecutionListener@94047a4, org.springframework.test.context.event.ApplicationEventsTestExecutionListener@257de910, org.springframework.boot.test.mock.mockito.MockitoTestExecutionListener@18ab86a2, org.springframework.boot.test.autoconfigure.SpringBootDependencyInjectionTestExecutionListener@6295cc30, org.springframework.test.context.support.DirtiesContextTestExecutionListener@69e3caa1, org.springframework.test.context.transaction.TransactionalTestExecutionListener@231c8be4, org.springframework.test.context.jdbc.SqlScriptsTestExecutionListener@674687b3, org.springframework.test.context.event.EventPublishingTestExecutionListener@2bfe2327, org.springframework.boot.test.mock.mockito.ResetMocksTestExecutionListener@5cbf423b, org.springframework.boot.test.autoconfigure.restdocs.RestDocsTestExecutionListener@1b3ba1e3, org.springframework.boot.test.autoconfigure.web.client.MockRestServiceServerResetTestExecutionListener@4893d628, org.springframework.boot.test.autoconfigure.web.servlet.MockMvcPrintOnlyOnFailureTestExecutionListener@122e2306, org.springframework.boot.test.autoconfigure.web.servlet.WebDriverTestExecutionListener@342615e2, org.springframework.boot.test.autoconfigure.webservices.client.MockWebServiceServerTestExecutionListener@72548e3c]
2022-06-12 03:32:59.431  INFO 78926 --- [           main] 🐳 [postgres:latest]                     : Creating container for image: postgres:latest
2022-06-12 03:32:59.467  INFO 78926 --- [           main] 🐳 [postgres:latest]                     : Container postgres:latest is starting: 622c0782262b12c3c0144d62cd147e393d8cd62142a1528cff12ee8b7eefc886
2022-06-12 03:33:01.086  INFO 78926 --- [           main] 🐳 [postgres:latest]                     : Container postgres:latest started in PT1.656061S

  .   ____          _            __ _ _
 /\\ / ___'_ __ _ _(_)_ __  __ _ \ \ \ \
( ( )\___ | '_ | '_| | '_ \/ _` | \ \ \ \
 \\/  ___)| |_)| | | | | || (_| |  ) ) ) )
  '  |____| .__|_| |_|_| |_\__, | / / / /
 =========|_|==============|___/=/_/_/_/
 :: Spring Boot ::                (v2.7.0)

2022-06-12 03:33:01.107  INFO 78926 --- [           main] c.e.c.SnippetRepositoryIntegrationTests  : Starting SnippetRepositoryIntegrationTests using Java 17.0.1 on TannerLdMacBook.lan with PID 78926 (started by tannerlankford in /Users/tannerlankford/Documents/Programming Classes/CodePaste)
2022-06-12 03:33:01.107  INFO 78926 --- [           main] c.e.c.SnippetRepositoryIntegrationTests  : No active profile set, falling back to 1 default profile: "default"
2022-06-12 03:33:01.169  INFO 78926 --- [           main] .s.d.r.c.RepositoryConfigurationDelegate : Bootstrapping Spring Data JPA repositories in DEFAULT mode.
2022-06-12 03:33:01.174  INFO 78926 --- [           main] .s.d.r.c.RepositoryConfigurationDelegate : Finished Spring Data repository scanning in 5 ms. Found 1 JPA repository interfaces.
2022-06-12 03:33:01.235  INFO 78926 --- [           main] o.hibernate.jpa.internal.util.LogHelper  : HHH000204: Processing PersistenceUnitInfo [name: default]
2022-06-12 03:33:01.239  INFO 78926 --- [           main] com.zaxxer.hikari.HikariDataSource       : HikariPool-2 - Starting...
2022-06-12 03:33:01.248  INFO 78926 --- [           main] com.zaxxer.hikari.HikariDataSource       : HikariPool-2 - Start completed.
2022-06-12 03:33:01.248  INFO 78926 --- [           main] org.hibernate.dialect.Dialect            : HHH000400: Using dialect: org.hibernate.dialect.PostgreSQL10Dialect
2022-06-12 03:33:01.293  INFO 78926 --- [           main] o.h.e.t.j.p.i.JtaPlatformInitiator       : HHH000490: Using JtaPlatform implementation: [org.hibernate.engine.transaction.jta.platform.internal.NoJtaPlatform]
2022-06-12 03:33:01.293  INFO 78926 --- [           main] j.LocalContainerEntityManagerFactoryBean : Initialized JPA EntityManagerFactory for persistence unit 'default'
2022-06-12 03:33:01.413  INFO 78926 --- [           main] c.e.c.SnippetRepositoryIntegrationTests  : Started SnippetRepositoryIntegrationTests in 0.324 seconds (JVM running for 10.727)
2022-06-12 03:33:01.421  INFO 78926 --- [           main] o.s.t.c.transaction.TransactionContext   : Began transaction (1) for test context [DefaultTestContext@78167 testClass = SnippetRepositoryIntegrationTests, testInstance = com.example.codepaste.SnippetRepositoryIntegrationTests@214738c1, testMethod = findAllByOrderByDateDesc@SnippetRepositoryIntegrationTests, testException = [null], mergedContextConfiguration = [MergedContextConfiguration@623dc959 testClass = SnippetRepositoryIntegrationTests, locations = '{}', classes = '{class com.example.codepaste.CodepasteApplication}', contextInitializerClasses = '[]', activeProfiles = '{}', propertySourceLocations = '{}', propertySourceProperties = '{org.springframework.boot.test.autoconfigure.orm.jpa.DataJpaTestContextBootstrapper=true}', contextCustomizers = set[[ImportsContextCustomizer@7aac05e2 key = [org.springframework.boot.autoconfigure.cache.CacheAutoConfiguration, org.springframework.boot.autoconfigure.data.jpa.JpaRepositoriesAutoConfiguration, org.springframework.boot.autoconfigure.flyway.FlywayAutoConfiguration, org.springframework.boot.autoconfigure.jdbc.DataSourceAutoConfiguration, org.springframework.boot.autoconfigure.jdbc.DataSourceTransactionManagerAutoConfiguration, org.springframework.boot.autoconfigure.jdbc.JdbcTemplateAutoConfiguration, org.springframework.boot.autoconfigure.liquibase.LiquibaseAutoConfiguration, org.springframework.boot.autoconfigure.orm.jpa.HibernateJpaAutoConfiguration, org.springframework.boot.autoconfigure.sql.init.SqlInitializationAutoConfiguration, org.springframework.boot.autoconfigure.transaction.TransactionAutoConfiguration, org.springframework.boot.test.autoconfigure.jdbc.TestDatabaseAutoConfiguration, org.springframework.boot.test.autoconfigure.orm.jpa.TestEntityManagerAutoConfiguration]], org.springframework.boot.test.context.filter.ExcludeFilterContextCustomizer@7a35b0f5, org.springframework.boot.test.json.DuplicateJsonObjectContextCustomizerFactory$DuplicateJsonObjectContextCustomizer@645aa696, org.springframework.boot.test.mock.mockito.MockitoContextCustomizer@0, org.springframework.boot.test.autoconfigure.OverrideAutoConfigurationContextCustomizerFactory$DisableAutoConfigurationContextCustomizer@4f573b84, org.springframework.boot.test.autoconfigure.actuate.metrics.MetricsExportContextCustomizerFactory$DisableMetricExportContextCustomizer@2b40ff9c, org.springframework.boot.test.autoconfigure.filter.TypeExcludeFiltersContextCustomizer@351584c0, org.springframework.boot.test.autoconfigure.properties.PropertyMappingContextCustomizer@d9b62f88, org.springframework.boot.test.autoconfigure.web.servlet.WebDriverContextCustomizerFactory$Customizer@1972e513, org.springframework.boot.test.context.SpringBootTestArgs@1, org.springframework.boot.test.context.SpringBootTestWebEnvironment@0], contextLoader = 'org.springframework.boot.test.context.SpringBootContextLoader', parent = [null]], attributes = map['org.springframework.test.context.event.ApplicationEventsTestExecutionListener.recordApplicationEvents' -> false]]; transaction manager [org.springframework.orm.jpa.JpaTransactionManager@1eaf95d2]; rollback [true]
Hibernate: 
    select
        codesnippe0_.id as id1_0_,
        codesnippe0_.code as code2_0_,
        codesnippe0_.date as date3_0_,
        codesnippe0_.enabled as enabled4_0_,
        codesnippe0_.time_remaining as time_rem5_0_,
        codesnippe0_.time_restriction as time_res6_0_,
        codesnippe0_.view_restriction as view_res7_0_,
        codesnippe0_.views as views8_0_ 
    from
        snippets codesnippe0_ 
    order by
        codesnippe0_.date desc
2022-06-12 03:33:01.443  INFO 78926 --- [           main] o.s.t.c.transaction.TransactionContext   : Rolled back transaction for test: [DefaultTestContext@78167 testClass = SnippetRepositoryIntegrationTests, testInstance = com.example.codepaste.SnippetRepositoryIntegrationTests@214738c1, testMethod = findAllByOrderByDateDesc@SnippetRepositoryIntegrationTests, testException = org.opentest4j.AssertionFailedError: 
expected: 3
 but was: 10, mergedContextConfiguration = [MergedContextConfiguration@623dc959 testClass = SnippetRepositoryIntegrationTests, locations = '{}', classes = '{class com.example.codepaste.CodepasteApplication}', contextInitializerClasses = '[]', activeProfiles = '{}', propertySourceLocations = '{}', propertySourceProperties = '{org.springframework.boot.test.autoconfigure.orm.jpa.DataJpaTestContextBootstrapper=true}', contextCustomizers = set[[ImportsContextCustomizer@7aac05e2 key = [org.springframework.boot.autoconfigure.cache.CacheAutoConfiguration, org.springframework.boot.autoconfigure.data.jpa.JpaRepositoriesAutoConfiguration, org.springframework.boot.autoconfigure.flyway.FlywayAutoConfiguration, org.springframework.boot.autoconfigure.jdbc.DataSourceAutoConfiguration, org.springframework.boot.autoconfigure.jdbc.DataSourceTransactionManagerAutoConfiguration, org.springframework.boot.autoconfigure.jdbc.JdbcTemplateAutoConfiguration, org.springframework.boot.autoconfigure.liquibase.LiquibaseAutoConfiguration, org.springframework.boot.autoconfigure.orm.jpa.HibernateJpaAutoConfiguration, org.springframework.boot.autoconfigure.sql.init.SqlInitializationAutoConfiguration, org.springframework.boot.autoconfigure.transaction.TransactionAutoConfiguration, org.springframework.boot.test.autoconfigure.jdbc.TestDatabaseAutoConfiguration, org.springframework.boot.test.autoconfigure.orm.jpa.TestEntityManagerAutoConfiguration]], org.springframework.boot.test.context.filter.ExcludeFilterContextCustomizer@7a35b0f5, org.springframework.boot.test.json.DuplicateJsonObjectContextCustomizerFactory$DuplicateJsonObjectContextCustomizer@645aa696, org.springframework.boot.test.mock.mockito.MockitoContextCustomizer@0, org.springframework.boot.test.autoconfigure.OverrideAutoConfigurationContextCustomizerFactory$DisableAutoConfigurationContextCustomizer@4f573b84, org.springframework.boot.test.autoconfigure.actuate.metrics.MetricsExportContextCustomizerFactory$DisableMetricExportContextCustomizer@2b40ff9c, org.springframework.boot.test.autoconfigure.filter.TypeExcludeFiltersContextCustomizer@351584c0, org.springframework.boot.test.autoconfigure.properties.PropertyMappingContextCustomizer@d9b62f88, org.springframework.boot.test.autoconfigure.web.servlet.WebDriverContextCustomizerFactory$Customizer@1972e513, org.springframework.boot.test.context.SpringBootTestArgs@1, org.springframework.boot.test.context.SpringBootTestWebEnvironment@0], contextLoader = 'org.springframework.boot.test.context.SpringBootContextLoader', parent = [null]], attributes = map['org.springframework.test.context.event.ApplicationEventsTestExecutionListener.recordApplicationEvents' -> false]]
]]></system-out>
  </testcase>
</testsuite>